<?xml version="1.0" encoding="UTF-8" ?>
<testsuite tests="24" failures="0" name="TestSuite" time="3.906" errors="0" skipped="0">
  <properties>
[...]
</properties>
  <testcase classname="chapter07.lifecycle.ExternalListenerTest" name="testExternalListener" time="2.512"/>
  <testcase classname="chapter07.lifecycle.FirstLifecycleTest" name="testLifecycle" time="0.276"/>
  <testcase classname="chapter07.lifecycle.LifecycleTest" name="persistenceErrorTests" time="0.301"/>
  <testcase classname="chapter07.lifecycle.LifecycleTest" name="prepersistException" time="0.357"/>
  <testcase classname="chapter07.lifecycle.LifecycleTest" name="testPostLoad" time="0.093"/>
  <testcase classname="chapter07.validator.CoordinateTest" name="testInvalidCoordinate" time="0.337"/>
  <testcase classname="chapter07.validator.CoordinateTest" name="testValidCoordinate" time="0"/>
  <testcase classname="chapter07.validator.CoordinateTest" name="testValidCoordinate" time="0.003"/>
  <testcase classname="chapter07.validator.CoordinateTest" name="testValidCoordinate" time="0"/>
  <testcase classname="chapter07.validator.CoordinateTest" name="testValidCoordinate" time="0"/>
  <testcase classname="chapter07.validator.CoordinateTest" name="testValidCoordinate" time="0.003"/>
  <testcase classname="chapter07.validator.CoordinateTest" name="testValidCoordinate" time="0"/>
  <testcase classname="chapter07.validator.CoordinateTest" name="testValidCoordinate" time="0"/>
  <testcase classname="chapter07.validator.CoordinateTest" name="testValidCoordinate" time="0.003"/>
  <testcase classname="chapter07.validator.ParameterizedTest" name="testValidations" time="0.006"/>
  <testcase classname="chapter07.validator.ParameterizedTest" name="testValidations" time="0.012"/>
  <testcase classname="chapter07.validator.ParameterizedTest" name="testValidations" time="0"/>
  <testcase classname="chapter07.validator.ParameterizedTest" name="testValidations" time="0"/>
  <testcase classname="chapter07.validator.ParameterizedTest" name="testValidations" time="0"/>
  <testcase classname="chapter07.validator.ValidatorTest" name="createUnvalidatedUnderagePerson" time="0"/>
  <testcase classname="chapter07.validator.ValidatorTest" name="createValidPerson" time="0.003"/>
  <testcase classname="chapter07.validator.ValidatorTest" name="createValidatedNoFNamePerson" time="0"/>
  <testcase classname="chapter07.validator.ValidatorTest" name="createValidatedPoorFNamePerson2" time="0"/>
  <testcase classname="chapter07.validator.ValidatorTest" name="createValidatedUnderagePerson" time="0"/>
</testsuite>