<?xml version="1.0" encoding="UTF-8" ?>
<testsuite tests="8" failures="0" name="TestSuite" time="2.787" errors="0" skipped="0">
  <properties>
[...]
</properties>
  <testcase classname="com.autumncode.hibernate.util.SessionBuilderTest" name="testDoWithSession" time="2.35"/>
  <testcase classname="com.autumncode.hibernate.util.SessionBuilderTest" name="testSessionFactory" time="0"/>
  <testcase classname="com.autumncode.jpa.util.JPASessionUtilTest" name="getEntityManager" time="0.168"/>
  <testcase classname="com.autumncode.jpa.util.JPASessionUtilTest" name="getSession" time="0.053"/>
  <testcase classname="com.autumncode.jpa.util.JPASessionUtilTest" name="nonexistentEntityManagerName" time="0"/>
  <testcase classname="com.autumncode.jpa.util.JPASessionUtilTest" name="nonexistentSessionName" time="0.016"/>
  <testcase classname="com.autumncode.jpa.util.JPASessionUtilTest" name="testEntityManager" time="0.1"/>
  <testcase classname="com.autumncode.jpa.util.JPASessionUtilTest" name="testSession" time="0.1"/>
</testsuite>