<?xml version="1.0" encoding="UTF-8"?>
<!-- Generated by org.testng.reporters.JUnitXMLReporter -->
<testsuite ignored="0" hostname="DESKTOP-E25FU2F" failures="0" tests="8" name="Command line test" time="2.819" errors="0" timestamp="2022-01-27T17:38:38 CET">
  <testcase classname="com.autumncode.hibernate.util.SessionBuilderTest" name="testDoWithSession" time="2.35"/>
  <testcase classname="com.autumncode.hibernate.util.SessionBuilderTest" name="testSessionFactory" time="0.0"/>
  <testcase classname="com.autumncode.jpa.util.JPASessionUtilTest" name="getEntityManager" time="0.168"/>
  <testcase classname="com.autumncode.jpa.util.JPASessionUtilTest" name="getSession" time="0.053"/>
  <testcase classname="com.autumncode.jpa.util.JPASessionUtilTest" name="nonexistentEntityManagerName" time="0.0"/>
  <testcase classname="com.autumncode.jpa.util.JPASessionUtilTest" name="nonexistentSessionName" time="0.016"/>
  <testcase classname="com.autumncode.jpa.util.JPASessionUtilTest" name="testEntityManager" time="0.1"/>
  <testcase classname="com.autumncode.jpa.util.JPASessionUtilTest" name="testSession" time="0.1"/>
</testsuite> <!-- Command line test -->
