<?xml version="1.0" encoding="UTF-8"?>
<!-- Generated by org.testng.reporters.JUnitXMLReporter -->
<testsuite ignored="0" hostname="DESKTOP-E25FU2F" failures="0" tests="24" name="Command line test" time="3.947" errors="0" timestamp="2022-01-27T17:39:04 CET">
  <testcase classname="chapter07.lifecycle.ExternalListenerTest" name="testExternalListener" time="2.512"/>
  <testcase classname="chapter07.lifecycle.FirstLifecycleTest" name="testLifecycle" time="0.276"/>
  <testcase classname="chapter07.lifecycle.LifecycleTest" name="persistenceErrorTests" time="0.301"/>
  <testcase classname="chapter07.lifecycle.LifecycleTest" name="prepersistException" time="0.357"/>
  <testcase classname="chapter07.lifecycle.LifecycleTest" name="testPostLoad" time="0.093"/>
  <testcase classname="chapter07.validator.CoordinateTest" name="testInvalidCoordinate" time="0.34"/>
  <testcase classname="chapter07.validator.CoordinateTest" name="testValidCoordinate" time="0.0"/>
  <testcase classname="chapter07.validator.CoordinateTest" name="testValidCoordinate" time="0.003"/>
  <testcase classname="chapter07.validator.CoordinateTest" name="testValidCoordinate" time="0.0"/>
  <testcase classname="chapter07.validator.CoordinateTest" name="testValidCoordinate" time="0.0"/>
  <testcase classname="chapter07.validator.CoordinateTest" name="testValidCoordinate" time="0.003"/>
  <testcase classname="chapter07.validator.CoordinateTest" name="testValidCoordinate" time="0.0"/>
  <testcase classname="chapter07.validator.CoordinateTest" name="testValidCoordinate" time="0.0"/>
  <testcase classname="chapter07.validator.CoordinateTest" name="testValidCoordinate" time="0.0"/>
  <testcase classname="chapter07.validator.ParameterizedTest" name="testValidations" time="0.003"/>
  <testcase classname="chapter07.validator.ParameterizedTest" name="testValidations" time="0.012"/>
  <testcase classname="chapter07.validator.ParameterizedTest" name="testValidations" time="0.0"/>
  <testcase classname="chapter07.validator.ParameterizedTest" name="testValidations" time="0.0"/>
  <testcase classname="chapter07.validator.ParameterizedTest" name="testValidations" time="0.0"/>
  <testcase classname="chapter07.validator.ValidatorTest" name="createUnvalidatedUnderagePerson" time="0.0"/>
  <testcase classname="chapter07.validator.ValidatorTest" name="createValidPerson" time="0.003"/>
  <testcase classname="chapter07.validator.ValidatorTest" name="createValidatedNoFNamePerson" time="0.0"/>
  <testcase classname="chapter07.validator.ValidatorTest" name="createValidatedPoorFNamePerson2" time="0.0"/>
  <testcase classname="chapter07.validator.ValidatorTest" name="createValidatedUnderagePerson" time="0.0"/>
</testsuite> <!-- Command line test -->
